\BOOKMARK [1][-]{section*.1}{\376\377\001\056\000v\000a\000d\000a\000s}{}% 1
\BOOKMARK [1][-]{section.1}{\376\377\000N\000a\000u\000d\000o\000t\000o\000s\000\040\000t\000e\000c\000h\000n\000o\000l\000o\000g\000i\000j\000o\000s}{}% 2
\BOOKMARK [2][-]{subsection.1.1}{\376\377\000K\000o\000m\000p\000i\000u\000t\000e\000r\000i\000n\001\027\000s\000\040\000r\000e\000g\000o\000s\000\040\000b\000i\000b\000l\000i\000o\000t\000e\000k\000a\000\040\000O\000p\000e\000n\000C\000V}{section.1}% 3
\BOOKMARK [2][-]{subsection.1.2}{\376\377\000P\000y\000t\000h\000o\000n\000\040\000p\000r\000o\000g\000r\000a\000m\000a\000v\000i\000m\000o\000\040\000k\000a\000l\000b\000o\000s\000\040\000p\000a\000k\000e\000t\000a\000i}{section.1}% 4
\BOOKMARK [3][-]{subsubsection.1.2.1}{\376\377\000N\000u\000m\000P\000y}{subsection.1.2}% 5
\BOOKMARK [3][-]{subsubsection.1.2.2}{\376\377\000S\000y\000s\000\040\000i\000r\000\040\000o\000s\000\040\000p\000a\000k\000e\000t\000a\000i}{subsection.1.2}% 6
\BOOKMARK [3][-]{subsubsection.1.2.3}{\376\377\000D\000i\000f\000f\000l\000i\000b\000\040\000p\000a\000k\000e\000t\000a\000s}{subsection.1.2}% 7
\BOOKMARK [1][-]{section.2}{\376\377\000P\000r\000o\000b\000l\000e\000m\000o\000s\000\040\000s\000p\000r\000e\000n\000d\000i\000m\000a\000s}{}% 8
\BOOKMARK [2][-]{subsection.2.1}{\376\377\000M\000o\000k\000y\000m\000o\000\040\000d\000u\000o\000m\000e\000n\001\163\000\040\000r\000u\000o\001\141\000i\000m\000a\000s}{section.2}% 9
\BOOKMARK [2][-]{subsection.2.2}{\376\377\000V\000a\000i\000z\000d\000o\000\040\000a\000p\000d\000o\000r\000o\000j\000i\000m\000a\000s}{section.2}% 10
\BOOKMARK [2][-]{subsection.2.3}{\376\377\000R\000a\000n\000k\000r\000a\001\141\001\015\000i\000o\000\040\000a\000t\000p\000a\001\176\000i\000n\000i\000m\000o\000\040\000a\000l\000g\000o\000r\000i\000t\000m\000a\000s}{section.2}% 11
\BOOKMARK [1][-]{section.3}{\376\377\000E\000k\000s\000p\000e\000r\000i\000m\000e\000n\000t\000a\000s}{}% 12
\BOOKMARK [2][-]{subsection.3.1}{\376\377\000T\000i\000n\000k\000a\000m\001\163\000\040\000p\000a\000r\000a\000m\000e\000t\000r\001\163\000\040\000n\000u\000s\000t\000a\000t\000y\000m\000a\000s}{section.3}% 13
\BOOKMARK [2][-]{subsection.3.2}{\376\377\000E\000k\000s\000p\000e\000r\000i\000m\000e\000n\000t\000o\000\040\000e\000i\000g\000a}{section.3}% 14
\BOOKMARK [2][-]{subsection.3.3}{\376\377\000A\000l\000g\000o\000r\000i\000t\000m\000o\000\040\000t\000r\001\153\000k\000u\000m\000a\000i}{section.3}% 15
\BOOKMARK [2][-]{subsection.3.4}{\376\377\000E\000k\000s\000p\000e\000r\000i\000m\000e\000n\000t\000o\000\040\000r\000e\000z\000u\000l\000t\000a\000t\000a\000i}{section.3}% 16
\BOOKMARK [1][-]{section*.37}{\376\377\000I\001\141\000v\000a\000d\000o\000s}{}% 17
\BOOKMARK [1][-]{section*.39}{\376\377\000L\000i\000t\000e\000r\000a\000t\001\153\000r\000a}{}% 18
\BOOKMARK [1][-]{section*.40}{\376\377\000S\000a\000n\000t\000r\000a\000u\000k\000a}{}% 19
\BOOKMARK [1][-]{section*.43}{\376\377\000S\000u\000m\000m\000a\000r\000y}{}% 20
