This is pdfTeX, Version 3.14159265-2.6-1.40.16 (TeX Live 2015/Debian) (preloaded format=pdflatex 2017.5.29)  31 MAY 2017 22:35
entering extended mode
 \write18 enabled.
 %&-line parsing enabled.
**Bakalauro_darbas_Vytautas_Jankauskas.tex
(./Bakalauro_darbas_Vytautas_Jankauskas.tex
LaTeX2e <2016/02/01>
Babel <3.9q> and hyphenation patterns for 82 language(s) loaded.
(/usr/share/texlive/texmf-dist/tex/latex/base/article.cls
Document Class: article 2014/09/29 v1.4h Standard LaTeX document class
(/usr/share/texlive/texmf-dist/tex/latex/base/size12.clo
File: size12.clo 2014/09/29 v1.4h Standard LaTeX file (size option)
)
\c@part=\count79
\c@section=\count80
\c@subsection=\count81
\c@subsubsection=\count82
\c@paragraph=\count83
\c@subparagraph=\count84
\c@figure=\count85
\c@table=\count86
\abovecaptionskip=\skip41
\belowcaptionskip=\skip42
\bibindent=\dimen102
)
(/usr/share/texlive/texmf-dist/tex/latex/base/inputenc.sty
Package: inputenc 2015/03/17 v1.2c Input encoding file
\inpenc@prehook=\toks14
\inpenc@posthook=\toks15

(/usr/share/texlive/texmf-dist/tex/latex/ucs/utf8x.def
File: utf8x.def 2004/10/17 UCS: Input encoding UTF-8
))
(/usr/share/texlive/texmf-dist/tex/latex/ucs/ucs.sty
Package: ucs 2013/05/11 v2.2 UCS: Unicode input support

(/usr/share/texlive/texmf-dist/tex/latex/ucs/data/uni-global.def
File: uni-global.def 2013/05/13 UCS: Unicode global data
)
\uc@secondtry=\count87
\uc@combtoks=\toks16
\uc@combtoksb=\toks17
\uc@temptokena=\toks18
)
(/usr/share/texlive/texmf-dist/tex/latex/base/fontenc.sty
Package: fontenc 2005/09/27 v1.99g Standard LaTeX package

(/usr/local/share/texmf/tex/latex/ltfonts/l7xenc.def
File: l7xenc.def 2008/10/14 v1.96 LaTeX-LT file
LaTeX Info: Redefining \selectfont on input line 30.
)
LaTeX Font Info:    Failed loading font information for L7x+cmr. on input line 
105.
LaTeX Font Info:    Try loading font information for L7x+lmr on input line 105.


(/usr/share/texmf/tex/latex/lm/l7xlmr.fd
File: l7xlmr.fd 2009/10/30 v1.6 Font defs for Latin Modern
))
(/usr/share/texlive/texmf-dist/tex/generic/babel/babel.sty
Package: babel 2016/02/24 3.9q The Babel package

(/usr/share/texlive/texmf-dist/tex/latex/lithuanian/lithuanian.ldf
Language: lithuanian 2006/09/20 v0.5 Lithuanian support from the babel system

(/usr/share/texlive/texmf-dist/tex/generic/babel/babel.def
File: babel.def 2016/02/24 3.9q Babel common definitions
\babel@savecnt=\count88
\U@D=\dimen103
)))
(/usr/share/texlive/texmf-dist/tex/latex/geometry/geometry.sty
Package: geometry 2010/09/12 v5.6 Page Geometry

(/usr/share/texlive/texmf-dist/tex/latex/graphics/keyval.sty
Package: keyval 2014/10/28 v1.15 key=value parser (DPC)
\KV@toks@=\toks19
)
(/usr/share/texlive/texmf-dist/tex/generic/oberdiek/ifpdf.sty
Package: ifpdf 2011/01/30 v2.3 Provides the ifpdf switch (HO)
Package ifpdf Info: pdfTeX in PDF mode is detected.
)
(/usr/share/texlive/texmf-dist/tex/generic/oberdiek/ifvtex.sty
Package: ifvtex 2010/03/01 v1.5 Detect VTeX and its facilities (HO)
Package ifvtex Info: VTeX not detected.
)
(/usr/share/texlive/texmf-dist/tex/generic/ifxetex/ifxetex.sty
Package: ifxetex 2010/09/12 v0.6 Provides ifxetex conditional
)
\Gm@cnth=\count89
\Gm@cntv=\count90
\c@Gm@tempcnt=\count91
\Gm@bindingoffset=\dimen104
\Gm@wd@mp=\dimen105
\Gm@odd@mp=\dimen106
\Gm@even@mp=\dimen107
\Gm@layoutwidth=\dimen108
\Gm@layoutheight=\dimen109
\Gm@layouthoffset=\dimen110
\Gm@layoutvoffset=\dimen111
\Gm@dimlist=\toks20
)
(/usr/share/texlive/texmf-dist/tex/latex/setspace/setspace.sty
Package: setspace 2011/12/19 v6.7a set line spacing
)
(/usr/share/texlive/texmf-dist/tex/latex/hyperref/hyperref.sty
Package: hyperref 2012/11/06 v6.83m Hypertext links for LaTeX

(/usr/share/texlive/texmf-dist/tex/generic/oberdiek/hobsub-hyperref.sty
Package: hobsub-hyperref 2012/05/28 v1.13 Bundle oberdiek, subset hyperref (HO)


(/usr/share/texlive/texmf-dist/tex/generic/oberdiek/hobsub-generic.sty
Package: hobsub-generic 2012/05/28 v1.13 Bundle oberdiek, subset generic (HO)
Package: hobsub 2012/05/28 v1.13 Construct package bundles (HO)
Package: infwarerr 2010/04/08 v1.3 Providing info/warning/error messages (HO)
Package: ltxcmds 2011/11/09 v1.22 LaTeX kernel commands for general use (HO)
Package: ifluatex 2010/03/01 v1.3 Provides the ifluatex switch (HO)
Package ifluatex Info: LuaTeX not detected.
Package hobsub Info: Skipping package `ifvtex' (already loaded).
Package: intcalc 2007/09/27 v1.1 Expandable calculations with integers (HO)
Package hobsub Info: Skipping package `ifpdf' (already loaded).
Package: etexcmds 2011/02/16 v1.5 Avoid name clashes with e-TeX commands (HO)
Package etexcmds Info: Could not find \expanded.
(etexcmds)             That can mean that you are not using pdfTeX 1.50 or
(etexcmds)             that some package has redefined \expanded.
(etexcmds)             In the latter case, load this package earlier.
Package: kvsetkeys 2012/04/25 v1.16 Key value parser (HO)
Package: kvdefinekeys 2011/04/07 v1.3 Define keys (HO)
Package: pdftexcmds 2011/11/29 v0.20 Utility functions of pdfTeX for LuaTeX (HO
)
Package pdftexcmds Info: LuaTeX not detected.
Package pdftexcmds Info: \pdf@primitive is available.
Package pdftexcmds Info: \pdf@ifprimitive is available.
Package pdftexcmds Info: \pdfdraftmode found.
Package: pdfescape 2011/11/25 v1.13 Implements pdfTeX's escape features (HO)
Package: bigintcalc 2012/04/08 v1.3 Expandable calculations on big integers (HO
)
Package: bitset 2011/01/30 v1.1 Handle bit-vector datatype (HO)
Package: uniquecounter 2011/01/30 v1.2 Provide unlimited unique counter (HO)
)
Package hobsub Info: Skipping package `hobsub' (already loaded).
Package: letltxmacro 2010/09/02 v1.4 Let assignment for LaTeX macros (HO)
Package: hopatch 2012/05/28 v1.2 Wrapper for package hooks (HO)
Package: xcolor-patch 2011/01/30 xcolor patch
Package: atveryend 2011/06/30 v1.8 Hooks at the very end of document (HO)
Package atveryend Info: \enddocument detected (standard20110627).
Package: atbegshi 2011/10/05 v1.16 At begin shipout hook (HO)
Package: refcount 2011/10/16 v3.4 Data extraction from label references (HO)
Package: hycolor 2011/01/30 v1.7 Color options for hyperref/bookmark (HO)
)
(/usr/share/texlive/texmf-dist/tex/latex/oberdiek/auxhook.sty
Package: auxhook 2011/03/04 v1.3 Hooks for auxiliary files (HO)
)
(/usr/share/texlive/texmf-dist/tex/latex/oberdiek/kvoptions.sty
Package: kvoptions 2011/06/30 v3.11 Key value format for package options (HO)
)
\@linkdim=\dimen112
\Hy@linkcounter=\count92
\Hy@pagecounter=\count93

(/usr/share/texlive/texmf-dist/tex/latex/hyperref/pd1enc.def
File: pd1enc.def 2012/11/06 v6.83m Hyperref: PDFDocEncoding definition (HO)
)
\Hy@SavedSpaceFactor=\count94

(/usr/share/texlive/texmf-dist/tex/latex/latexconfig/hyperref.cfg
File: hyperref.cfg 2002/06/06 v1.2 hyperref configuration of TeXLive
)
Package hyperref Info: Option `colorlinks' set `true' on input line 4319.
Package hyperref Info: Option `unicode' set `true' on input line 4319.

(/usr/share/texlive/texmf-dist/tex/latex/hyperref/puenc.def
File: puenc.def 2012/11/06 v6.83m Hyperref: PDF Unicode definition (HO)
)
Package hyperref Info: Hyper figures OFF on input line 4443.
Package hyperref Info: Link nesting OFF on input line 4448.
Package hyperref Info: Hyper index ON on input line 4451.
Package hyperref Info: Plain pages OFF on input line 4458.
Package hyperref Info: Backreferencing OFF on input line 4463.
Package hyperref Info: Implicit mode ON; LaTeX internals redefined.
Package hyperref Info: Bookmarks ON on input line 4688.
\c@Hy@tempcnt=\count95

(/usr/share/texlive/texmf-dist/tex/latex/url/url.sty
\Urlmuskip=\muskip10
Package: url 2013/09/16  ver 3.4  Verb mode for urls, etc.
)
LaTeX Info: Redefining \url on input line 5041.
\XeTeXLinkMargin=\dimen113
\Fld@menulength=\count96
\Field@Width=\dimen114
\Fld@charsize=\dimen115
Package hyperref Info: Hyper figures OFF on input line 6295.
Package hyperref Info: Link nesting OFF on input line 6300.
Package hyperref Info: Hyper index ON on input line 6303.
Package hyperref Info: backreferencing OFF on input line 6310.
Package hyperref Info: Link coloring ON on input line 6313.
Package hyperref Info: Link coloring with OCG OFF on input line 6320.
Package hyperref Info: PDF/A mode OFF on input line 6325.
LaTeX Info: Redefining \ref on input line 6365.
LaTeX Info: Redefining \pageref on input line 6369.
\Hy@abspage=\count97
\c@Item=\count98
\c@Hfootnote=\count99
)

Package hyperref Message: Driver (autodetected): hpdftex.

(/usr/share/texlive/texmf-dist/tex/latex/hyperref/hpdftex.def
File: hpdftex.def 2012/11/06 v6.83m Hyperref driver for pdfTeX
\Fld@listcount=\count100
\c@bookmark@seq@number=\count101

(/usr/share/texlive/texmf-dist/tex/latex/oberdiek/rerunfilecheck.sty
Package: rerunfilecheck 2011/04/15 v1.7 Rerun checks for auxiliary files (HO)
Package uniquecounter Info: New unique counter `rerunfilecheck' on input line 2
82.
)
\Hy@SectionHShift=\skip43
)
(/usr/share/texlive/texmf-dist/tex/latex/appendix/appendix.sty
Package: appendix 2009/09/02 v1.2b extra appendix facilities
\c@@pps=\count102
\c@@ppsavesec=\count103
\c@@ppsaveapp=\count104
)
(/usr/share/texlive/texmf-dist/tex/latex/tocloft/tocloft.sty
Package: tocloft 2013/05/02 v2.3f parameterised ToC, etc., typesetting
Package tocloft Info: The document has section divisions on input line 44.
\cftparskip=\skip44
\cftbeforetoctitleskip=\skip45
\cftaftertoctitleskip=\skip46
\cftbeforepartskip=\skip47
\cftpartnumwidth=\skip48
\cftpartindent=\skip49
\cftbeforesecskip=\skip50
\cftsecindent=\skip51
\cftsecnumwidth=\skip52
\cftbeforesubsecskip=\skip53
\cftsubsecindent=\skip54
\cftsubsecnumwidth=\skip55
\cftbeforesubsubsecskip=\skip56
\cftsubsubsecindent=\skip57
\cftsubsubsecnumwidth=\skip58
\cftbeforeparaskip=\skip59
\cftparaindent=\skip60
\cftparanumwidth=\skip61
\cftbeforesubparaskip=\skip62
\cftsubparaindent=\skip63
\cftsubparanumwidth=\skip64
\cftbeforeloftitleskip=\skip65
\cftafterloftitleskip=\skip66
\cftbeforefigskip=\skip67
\cftfigindent=\skip68
\cftfignumwidth=\skip69
\c@lofdepth=\count105
\c@lotdepth=\count106
\cftbeforelottitleskip=\skip70
\cftafterlottitleskip=\skip71
\cftbeforetabskip=\skip72
\cfttabindent=\skip73
\cfttabnumwidth=\skip74
)
(/usr/share/texlive/texmf-dist/tex/latex/graphics/graphicx.sty
Package: graphicx 2014/10/28 v1.0g Enhanced LaTeX Graphics (DPC,SPQR)

(/usr/share/texlive/texmf-dist/tex/latex/graphics/graphics.sty
Package: graphics 2016/01/03 v1.0q Standard LaTeX Graphics (DPC,SPQR)

(/usr/share/texlive/texmf-dist/tex/latex/graphics/trig.sty
Package: trig 2016/01/03 v1.10 sin cos tan (DPC)
)
(/usr/share/texlive/texmf-dist/tex/latex/latexconfig/graphics.cfg
File: graphics.cfg 2010/04/23 v1.9 graphics configuration of TeX Live
)
Package graphics Info: Driver file: pdftex.def on input line 95.

(/usr/share/texlive/texmf-dist/tex/latex/pdftex-def/pdftex.def
File: pdftex.def 2011/05/27 v0.06d Graphics/color for pdfTeX
\Gread@gobject=\count107
))
\Gin@req@height=\dimen116
\Gin@req@width=\dimen117
)
(/usr/share/texlive/texmf-dist/tex/latex/caption/caption.sty
Package: caption 2016/02/21 v3.3-144 Customizing captions (AR)

(/usr/share/texlive/texmf-dist/tex/latex/caption/caption3.sty
Package: caption3 2016/02/04 v1.7-139 caption3 kernel (AR)
Package caption3 Info: TeX engine: e-TeX on input line 67.
\captionmargin=\dimen118
\captionmargin@=\dimen119
\captionwidth=\dimen120
\caption@tempdima=\dimen121
\caption@indent=\dimen122
\caption@parindent=\dimen123
\caption@hangindent=\dimen124
)
\c@ContinuedFloat=\count108
Package caption Info: hyperref package is loaded.
)
Package caption Info: We need package `newfloat' on input line 19.

(/usr/share/texlive/texmf-dist/tex/latex/caption/newfloat.sty
Package: newfloat 2015/09/17 v1.1-109 Defining new floating environments (AR)
)
(/usr/share/texlive/texmf-dist/tex/latex/float/float.sty
Package: float 2001/11/08 v1.3d Float enhancements (AL)
\c@float@type=\count109
\float@exts=\toks21
\float@box=\box26
\@float@everytoks=\toks22
\@floatcapt=\box27
)
(/usr/share/texlive/texmf-dist/tex/latex/minipage-marginpar/minipage-marginpar.
sty
Package: minipage-marginpar 2008/04/07 v0.3 Randnotizen auch in Minipages (PE)
) (/usr/share/texlive/texmf-dist/tex/latex/multirow/multirow.sty
\bigstrutjot=\dimen125
)
(/usr/share/texlive/texmf-dist/tex/latex/minted/minted.sty
Package: minted 2015/09/09 v2.1 Yet another Pygments shim for LaTeX

(/usr/share/texlive/texmf-dist/tex/latex/fancyvrb/fancyvrb.sty
Package: fancyvrb 2008/02/07

Style option: `fancyvrb' v2.7a, with DG/SPQR fixes, and firstline=lastline fix 
<2008/02/07> (tvz)
\FV@CodeLineNo=\count110
\FV@InFile=\read1
\FV@TabBox=\box28
\c@FancyVerbLine=\count111
\FV@StepNumber=\count112
\FV@OutFile=\write3
) (/usr/share/texlive/texmf-dist/tex/latex/base/ifthen.sty
Package: ifthen 2014/09/29 v1.1c Standard LaTeX ifthen package (DPC)
)
(/usr/share/texlive/texmf-dist/tex/latex/tools/calc.sty
Package: calc 2014/10/28 v4.3 Infix arithmetic (KKT,FJ)
\calc@Acount=\count113
\calc@Bcount=\count114
\calc@Adimen=\dimen126
\calc@Bdimen=\dimen127
\calc@Askip=\skip75
\calc@Bskip=\skip76
LaTeX Info: Redefining \setlength on input line 80.
LaTeX Info: Redefining \addtolength on input line 81.
\calc@Ccount=\count115
\calc@Cskip=\skip77
)
(/usr/share/texlive/texmf-dist/tex/latex/ifplatform/ifplatform.sty
Package: ifplatform 2010/10/22 v0.4 Testing for the operating system

(/usr/share/texlive/texmf-dist/tex/generic/oberdiek/catchfile.sty
Package: catchfile 2011/03/01 v1.6 Catch the contents of a file (HO)
)
runsystem(uname -s > "Bakalauro_darbas_Vytautas_Jankauskas.w18")...executed.


(./Bakalauro_darbas_Vytautas_Jankauskas.w18)
runsystem(rm -- "Bakalauro_darbas_Vytautas_Jankauskas.w18")...executed.

)
(/usr/share/texlive/texmf-dist/tex/latex/etoolbox/etoolbox.sty
Package: etoolbox 2015/08/02 v2.2a e-TeX tools for LaTeX (JAW)
\etb@tempcnta=\count116
)
(/usr/share/texlive/texmf-dist/tex/generic/xstring/xstring.sty
(/usr/share/texlive/texmf-dist/tex/generic/xstring/xstring.tex
\@xs@message=\write4
\integerpart=\count117
\decimalpart=\count118
)
Package: xstring 2013/10/13  v1.7c  String manipulations (C Tellechea)
)
(/usr/share/texlive/texmf-dist/tex/latex/lineno/lineno.sty
Package: lineno 2005/11/02 line numbers on paragraphs v4.41
\linenopenalty=\count119
\output=\toks23
\linenoprevgraf=\count120
\linenumbersep=\dimen128
\linenumberwidth=\dimen129
\c@linenumber=\count121
\c@pagewiselinenumber=\count122
\c@LN@truepage=\count123
\c@internallinenumber=\count124
\c@internallinenumbers=\count125
\quotelinenumbersep=\dimen130
\bframerule=\dimen131
\bframesep=\dimen132
\bframebox=\box29
LaTeX Info: Redefining \\ on input line 3056.
)
\minted@appexistsfile=\read2
\FV@BreakIndent=\dimen133
\FV@BreakSymbolSepLeft=\dimen134
\FV@BreakSymbolSepRight=\dimen135
\FV@BreakSymbolIndentLeft=\dimen136
LaTeX Font Info:    Failed loading font information for L7x+cmtt. on input line
 688.
\FV@BreakSymbolIndentRight=\dimen137
LaTeX Font Info:    Failed loading font information for L7x+cmtt. on input line
 692.
\c@FancyVerbLineBreakLast=\count126
\FV@LineBox=\box30
\FV@LineIndentBox=\box31
\minted@bgbox=\box32
\minted@code=\write5
\c@minted@FancyVerbLineTemp=\count127
\@float@every@listing=\toks24
\c@listing=\count128
)
runsystem(mkdir -p "_minted-Bakalauro_darbas_Vytautas_Jankauskas")...executed.


(./_minted-Bakalauro_darbas_Vytautas_Jankauskas/default.pygstyle)
runsystem(which "pygmentize" && touch "Bakalauro_darbas_Vytautas_Jankauskas.aex
")...executed.

runsystem(rm "Bakalauro_darbas_Vytautas_Jankauskas.aex")...executed.


(./Bakalauro_darbas_Vytautas_Jankauskas.aux)
\openout1 = `Bakalauro_darbas_Vytautas_Jankauskas.aux'.

LaTeX Font Info:    Checking defaults for OML/cmm/m/it on input line 48.
LaTeX Font Info:    ... okay on input line 48.
LaTeX Font Info:    Checking defaults for T1/cmr/m/n on input line 48.
LaTeX Font Info:    ... okay on input line 48.
LaTeX Font Info:    Checking defaults for OT1/cmr/m/n on input line 48.
LaTeX Font Info:    ... okay on input line 48.
LaTeX Font Info:    Checking defaults for OMS/cmsy/m/n on input line 48.
LaTeX Font Info:    ... okay on input line 48.
LaTeX Font Info:    Checking defaults for OMX/cmex/m/n on input line 48.
LaTeX Font Info:    ... okay on input line 48.
LaTeX Font Info:    Checking defaults for U/cmr/m/n on input line 48.
LaTeX Font Info:    ... okay on input line 48.
LaTeX Font Info:    Checking defaults for L7x/lmr/m/n on input line 48.
LaTeX Font Info:    ... okay on input line 48.
LaTeX Font Info:    Checking defaults for PD1/pdf/m/n on input line 48.
LaTeX Font Info:    ... okay on input line 48.
LaTeX Font Info:    Checking defaults for PU/pdf/m/n on input line 48.
LaTeX Font Info:    ... okay on input line 48.
LaTeX Font Info:    Failed loading font information for L7x+cmr. on input line 
48.

(/usr/share/texlive/texmf-dist/tex/latex/ucs/ucsencs.def
File: ucsencs.def 2011/01/21 Fixes to fontencodings LGR, T3
)
*geometry* driver: auto-detecting
*geometry* detected driver: pdftex
*geometry* verbose mode - [ preamble ] result:
* driver: pdftex
* paper: a4paper
* layout: <same size as paper>
* layoutoffset:(h,v)=(0.0pt,0.0pt)
* modes: 
* h-part:(L,W,R)=(85.35826pt, 469.47049pt, 42.67912pt)
* v-part:(T,H,B)=(56.9055pt, 731.23584pt, 56.9055pt)
* \paperwidth=597.50787pt
* \paperheight=845.04684pt
* \textwidth=469.47049pt
* \textheight=731.23584pt
* \oddsidemargin=13.08827pt
* \evensidemargin=13.08827pt
* \topmargin=-52.36449pt
* \headheight=12.0pt
* \headsep=25.0pt
* \topskip=12.0pt
* \footskip=30.0pt
* \marginparwidth=35.0pt
* \marginparsep=10.0pt
* \columnsep=10.0pt
* \skip\footins=10.8pt plus 4.0pt minus 2.0pt
* \hoffset=0.0pt
* \voffset=0.0pt
* \mag=1000
* \@twocolumnfalse
* \@twosidefalse
* \@mparswitchfalse
* \@reversemarginfalse
* (1in=72.27pt=25.4mm, 1cm=28.453pt)

\AtBeginShipoutBox=\box33
(/usr/share/texlive/texmf-dist/tex/latex/graphics/color.sty
Package: color 2016/01/03 v1.1b Standard LaTeX Color (DPC)

(/usr/share/texlive/texmf-dist/tex/latex/latexconfig/color.cfg
File: color.cfg 2007/01/18 v1.5 color configuration of teTeX/TeXLive
)
Package color Info: Driver file: pdftex.def on input line 143.
)
Package hyperref Info: Link coloring ON on input line 48.

(/usr/share/texlive/texmf-dist/tex/latex/hyperref/nameref.sty
Package: nameref 2012/10/27 v2.43 Cross-referencing by name of section

(/usr/share/texlive/texmf-dist/tex/generic/oberdiek/gettitlestring.sty
Package: gettitlestring 2010/12/03 v1.4 Cleanup title references (HO)
)
\c@section@level=\count129
)
LaTeX Info: Redefining \ref on input line 48.
LaTeX Info: Redefining \pageref on input line 48.
LaTeX Info: Redefining \nameref on input line 48.

(./Bakalauro_darbas_Vytautas_Jankauskas.out)
(./Bakalauro_darbas_Vytautas_Jankauskas.out)
\@outlinefile=\write6
\openout6 = `Bakalauro_darbas_Vytautas_Jankauskas.out'.


(/usr/share/texlive/texmf-dist/tex/context/base/supp-pdf.mkii
[Loading MPS to PDF converter (version 2006.09.02).]
\scratchcounter=\count130
\scratchdimen=\dimen138
\scratchbox=\box34
\nofMPsegments=\count131
\nofMParguments=\count132
\everyMPshowfont=\toks25
\MPscratchCnt=\count133
\MPscratchDim=\dimen139
\MPnumerator=\count134
\makeMPintoPDFobject=\count135
\everyMPtoPDFconversion=\toks26
) (/usr/share/texlive/texmf-dist/tex/latex/oberdiek/epstopdf-base.sty
Package: epstopdf-base 2010/02/09 v2.5 Base part for package epstopdf

(/usr/share/texlive/texmf-dist/tex/latex/oberdiek/grfext.sty
Package: grfext 2010/08/19 v1.1 Manage graphics extensions (HO)
)
Package grfext Info: Graphics extension search list:
(grfext)             [.png,.pdf,.jpg,.mps,.jpeg,.jbig2,.jb2,.PNG,.PDF,.JPG,.JPE
G,.JBIG2,.JB2,.eps]
(grfext)             \AppendGraphicsExtensions on input line 452.

(/usr/share/texlive/texmf-dist/tex/latex/latexconfig/epstopdf-sys.cfg
File: epstopdf-sys.cfg 2010/07/13 v1.3 Configuration of (r)epstopdf for TeX Liv
e
))
Package caption Info: Begin \AtBeginDocument code.
Package caption Info: float package is loaded.
Package caption Info: End \AtBeginDocument code.

(./_minted-Bakalauro_darbas_Vytautas_Jankauskas/default-pyg-prefix.pygstyle)
(/usr/share/texlive/texmf-dist/tex/latex/ucs/data/uni-1.def
File: uni-1.def 2013/05/13 UCS: Unicode data U+0100..U+01FF
)
LaTeX Font Info:    Failed loading font information for L7x+cmr. on input line 
81.
 [1

{/var/lib/texmf/fonts/map/pdftex/updmap/pdftex.map}]
LaTeX Font Info:    Failed loading font information for L7x+cmr. on input line 
83.

(./Bakalauro_darbas_Vytautas_Jankauskas.toc
LaTeX Font Info:    External font `cmex10' loaded for size
(Font)              <12> on input line 2.
LaTeX Font Info:    External font `cmex10' loaded for size
(Font)              <8> on input line 2.
LaTeX Font Info:    External font `cmex10' loaded for size
(Font)              <6> on input line 2.
LaTeX Font Info:    Failed loading font information for L7x+cmr. on input line 
5.
LaTeX Font Info:    Failed loading font information for L7x+cmr. on input line 
5.
LaTeX Font Info:    Failed loading font information for L7x+cmr. on input line 
5.
LaTeX Font Info:    Failed loading font information for L7x+cmr. on input line 
6.
LaTeX Font Info:    Failed loading font information for L7x+cmr. on input line 
6.
LaTeX Font Info:    Failed loading font information for L7x+cmr. on input line 
6.
LaTeX Font Info:    Failed loading font information for L7x+cmr. on input line 
7.
LaTeX Font Info:    Failed loading font information for L7x+cmr. on input line 
7.
LaTeX Font Info:    Failed loading font information for L7x+cmr. on input line 
7.
LaTeX Font Info:    Failed loading font information for L7x+cmr. on input line 
9.
LaTeX Font Info:    Failed loading font information for L7x+cmr. on input line 
9.
LaTeX Font Info:    Failed loading font information for L7x+cmr. on input line 
9.
LaTeX Font Info:    Failed loading font information for L7x+cmr. on input line 
11.
LaTeX Font Info:    Failed loading font information for L7x+cmr. on input line 
11.
LaTeX Font Info:    Failed loading font information for L7x+cmr. on input line 
11.
LaTeX Font Info:    Failed loading font information for L7x+cmr. on input line 
15.
LaTeX Font Info:    Failed loading font information for L7x+cmr. on input line 
15.
LaTeX Font Info:    Failed loading font information for L7x+cmr. on input line 
15.
LaTeX Font Info:    Failed loading font information for L7x+cmr. on input line 
17.
LaTeX Font Info:    Failed loading font information for L7x+cmr. on input line 
17.
LaTeX Font Info:    Failed loading font information for L7x+cmr. on input line 
17.
LaTeX Font Info:    Failed loading font information for L7x+cmr. on input line 
19.
LaTeX Font Info:    Failed loading font information for L7x+cmr. on input line 
19.
LaTeX Font Info:    Failed loading font information for L7x+cmr. on input line 
19.
LaTeX Font Info:    Failed loading font information for L7x+cmr. on input line 
23.
LaTeX Font Info:    Failed loading font information for L7x+cmr. on input line 
23.
LaTeX Font Info:    Failed loading font information for L7x+cmr. on input line 
23.
LaTeX Font Info:    Failed loading font information for L7x+cmr. on input line 
25.
LaTeX Font Info:    Failed loading font information for L7x+cmr. on input line 
25.
LaTeX Font Info:    Failed loading font information for L7x+cmr. on input line 
25.
LaTeX Font Info:    Failed loading font information for L7x+cmr. on input line 
27.
LaTeX Font Info:    Failed loading font information for L7x+cmr. on input line 
27.
LaTeX Font Info:    Failed loading font information for L7x+cmr. on input line 
27.
LaTeX Font Info:    Failed loading font information for L7x+cmr. on input line 
29.
LaTeX Font Info:    Failed loading font information for L7x+cmr. on input line 
29.
LaTeX Font Info:    Failed loading font information for L7x+cmr. on input line 
29.
)
\tf@toc=\write7
\openout7 = `Bakalauro_darbas_Vytautas_Jankauskas.toc'.

LaTeX Font Info:    Failed loading font information for L7x+cmr. on input line 
84.
LaTeX Font Info:    Failed loading font information for L7x+cmr. on input line 
84.
 [2

]
LaTeX Font Info:    Failed loading font information for L7x+cmr. on input line 
87.
LaTeX Font Info:    Failed loading font information for L7x+cmr. on input line 
90.

(/usr/share/texlive/texmf-dist/tex/latex/ucs/data/uni-32.def
File: uni-32.def 2013/05/13 UCS: Unicode data U+2000..U+20FF
)
LaTeX Font Info:    Failed loading font information for L7x+cmr. on input line 
99.

<images/carplate.jpg, id=119, 398.08725pt x 201.1515pt>
File: images/carplate.jpg Graphic file (type jpg)

<use images/carplate.jpg>
Package pdftex.def Info: images/carplate.jpg used on input line 101.
(pdftex.def)             Requested size: 199.04314pt x 100.5755pt.
LaTeX Font Info:    Failed loading font information for L7x+cmr. on input line 
102.
LaTeX Font Info:    Failed loading font information for L7x+cmr. on input line 
106.
 <images/postcode.png, id=123, 224.84pt x 246.9225pt>
File: images/postcode.png Graphic file (type png)

<use images/postcode.png>
Package pdftex.def Info: images/postcode.png used on input line 108.
(pdftex.def)             Requested size: 89.9344pt x 98.76724pt.
LaTeX Font Info:    Failed loading font information for L7x+cmr. on input line 
109.
LaTeX Font Info:    Failed loading font information for L7x+cmr. on input line 
112.
LaTeX Font Info:    Failed loading font information for L7x+cmr. on input line 
112.
 [3

 <./images/carplate.jpg>]
LaTeX Font Info:    Failed loading font information for L7x+cmr. on input line 
132.
LaTeX Font Info:    Failed loading font information for L7x+cmr. on input line 
132.
 [4 <./images/postcode.png>]
LaTeX Font Info:    Failed loading font information for L7x+cmr. on input line 
138.
LaTeX Font Info:    Failed loading font information for L7x+cmr. on input line 
138.
 [5]
LaTeX Font Info:    Failed loading font information for L7x+cmr. on input line 
140.
LaTeX Font Info:    Failed loading font information for L7x+cmr. on input line 
141.
LaTeX Font Info:    Failed loading font information for L7x+cmr. on input line 
150.
 <images/threshold.png, id=152, 444.66125pt x 142.5325pt>
File: images/threshold.png Graphic file (type png)

<use images/threshold.png>
Package pdftex.def Info: images/threshold.png used on input line 152.
(pdftex.def)             Requested size: 177.86134pt x 57.01198pt.
LaTeX Font Info:    Failed loading font information for L7x+cmr. on input line 
153.
LaTeX Font Info:    Failed loading font information for L7x+cmr. on input line 
158.
\openout3 = `Bakalauro_darbas_Vytautas_Jankauskas.pyg'.


(./_minted-Bakalauro_darbas_Vytautas_Jankauskas/301741F43EC417259921AF01CD14A7C
35777CE4A87E4E13AD1FDA4D2F73F1C90.pygtex
LaTeX Font Info:    Failed loading font information for L7x+cmtt. on input line
 1.
LaTeX Font Info:    Failed loading font information for L7x+cmr. on input line 
2.
LaTeX Font Info:    Failed loading font information for L7x+cmr. on input line 
3.
LaTeX Font Info:    Failed loading font information for L7x+cmr. on input line 
4.
LaTeX Font Info:    Failed loading font information for L7x+cmr. on input line 
5.
LaTeX Font Info:    Failed loading font information for L7x+cmr. on input line 
6.
LaTeX Font Info:    Failed loading font information for L7x+cmr. on input line 
7.
LaTeX Font Info:    Failed loading font information for L7x+cmr. on input line 
8.
)
Package hyperref Info: bookmark level for unknown listing defaults to 0 on inpu
t line 168.
LaTeX Font Info:    Failed loading font information for L7x+cmr. on input line 
168.
LaTeX Font Info:    Failed loading font information for L7x+cmr. on input line 
171.
LaTeX Font Info:    Failed loading font information for L7x+cmr. on input line 
171.
 [6

 <./images/threshold.png>]
LaTeX Font Info:    Failed loading font information for L7x+cmr. on input line 
175.

<images/erosion1.png, id=164, 230.8625pt x 152.57pt>
File: images/erosion1.png Graphic file (type png)
 <use images/erosion1.png>
Package pdftex.def Info: images/erosion1.png used on input line 177.
(pdftex.def)             Requested size: 115.43095pt x 76.2848pt.
LaTeX Font Info:    Failed loading font information for L7x+cmr. on input line 
178.
LaTeX Font Info:    Failed loading font information for L7x+cmr. on input line 
183.

<images/dilation.png, id=168, 230.8625pt x 152.57pt>
File: images/dilation.png Graphic file (type png)
 <use images/dilation.png>
Package pdftex.def Info: images/dilation.png used on input line 185.
(pdftex.def)             Requested size: 92.34335pt x 61.02692pt.
LaTeX Font Info:    Failed loading font information for L7x+cmr. on input line 
186.
LaTeX Font Info:    Failed loading font information for L7x+cmr. on input line 
191.

<images/contours.png, id=172, 241.90375pt x 253.94875pt>
File: images/contours.png Graphic file (type png)

<use images/contours.png>
Package pdftex.def Info: images/contours.png used on input line 193.
(pdftex.def)             Requested size: 72.57167pt x 76.1852pt.
LaTeX Font Info:    Failed loading font information for L7x+cmr. on input line 
194.
LaTeX Font Info:    Failed loading font information for L7x+cmr. on input line 
196.
LaTeX Font Info:    Failed loading font information for L7x+cmr. on input line 
196.
 [7 <./images/erosion1.png> <./images/dilation.png>]
LaTeX Font Info:    Failed loading font information for L7x+cmr. on input line 
201.

<images/knn.png, id=192, 278.03876pt x 233.87375pt>
File: images/knn.png Graphic file (type png)
 <use images/knn.png>
Package pdftex.def Info: images/knn.png used on input line 203.
(pdftex.def)             Requested size: 166.82454pt x 140.32532pt.
LaTeX Font Info:    Failed loading font information for L7x+cmr. on input line 
204.
LaTeX Font Info:    Failed loading font information for L7x+cmr. on input line 
208.
LaTeX Font Info:    Failed loading font information for L7x+cmr. on input line 
208.

[8 <./images/contours.png> <./images/knn.png>]
LaTeX Font Info:    Failed loading font information for L7x+cmr. on input line 
210.
LaTeX Font Info:    Failed loading font information for L7x+cmr. on input line 
211.
LaTeX Font Info:    Failed loading font information for L7x+cmr. on input line 
212.
LaTeX Font Info:    Failed loading font information for L7x+cmr. on input line 
213.
\openout3 = `Bakalauro_darbas_Vytautas_Jankauskas.pyg'.


(./_minted-Bakalauro_darbas_Vytautas_Jankauskas/34537E716EDDDD7B15847F92A6B05A2
F5777CE4A87E4E13AD1FDA4D2F73F1C90.pygtex
LaTeX Font Info:    Failed loading font information for L7x+cmtt. on input line
 1.
LaTeX Font Info:    Failed loading font information for L7x+cmr. on input line 
2.
LaTeX Font Info:    Failed loading font information for L7x+cmr. on input line 
3.
LaTeX Font Info:    Failed loading font information for L7x+cmr. on input line 
4.
LaTeX Font Info:    Failed loading font information for L7x+cmr. on input line 
5.
)
LaTeX Font Info:    Failed loading font information for L7x+cmr. on input line 
220.
LaTeX Font Info:    Failed loading font information for L7x+cmr. on input line 
224.
LaTeX Font Info:    Failed loading font information for L7x+cmr. on input line 
225.
LaTeX Font Info:    Failed loading font information for L7x+cmr. on input line 
228.
\openout3 = `Bakalauro_darbas_Vytautas_Jankauskas.pyg'.


(./_minted-Bakalauro_darbas_Vytautas_Jankauskas/442152FBBFF98A0844BC8EB98F7C76D
25777CE4A87E4E13AD1FDA4D2F73F1C90.pygtex
LaTeX Font Info:    Failed loading font information for L7x+cmtt. on input line
 1.
LaTeX Font Info:    Failed loading font information for L7x+cmr. on input line 
2.
LaTeX Font Info:    Failed loading font information for L7x+cmr. on input line 
3.
)
LaTeX Font Info:    Failed loading font information for L7x+cmr. on input line 
233.
LaTeX Font Info:    Failed loading font information for L7x+cmr. on input line 
237.
\openout3 = `Bakalauro_darbas_Vytautas_Jankauskas.pyg'.


(./_minted-Bakalauro_darbas_Vytautas_Jankauskas/FF43CF6DD16E4987A3EE6A220785B16
35777CE4A87E4E13AD1FDA4D2F73F1C90.pygtex
LaTeX Font Info:    Failed loading font information for L7x+cmtt. on input line
 1.
LaTeX Font Info:    Failed loading font information for L7x+cmr. on input line 
2.
LaTeX Font Info:    Failed loading font information for L7x+cmr. on input line 
3.
)
LaTeX Font Info:    Failed loading font information for L7x+cmr. on input line 
242.
LaTeX Font Info:    Failed loading font information for L7x+cmr. on input line 
245.
LaTeX Font Info:    Failed loading font information for L7x+cmr. on input line 
246.
LaTeX Font Info:    Failed loading font information for L7x+cmr. on input line 
247.
\openout3 = `Bakalauro_darbas_Vytautas_Jankauskas.pyg'.


(./_minted-Bakalauro_darbas_Vytautas_Jankauskas/A495832BC43FA2FB0C5E5E6B2821743
B5777CE4A87E4E13AD1FDA4D2F73F1C90.pygtex
LaTeX Font Info:    Failed loading font information for L7x+cmtt. on input line
 1.
LaTeX Font Info:    Failed loading font information for L7x+cmr. on input line 
2.
LaTeX Font Info:    Failed loading font information for L7x+cmr. on input line 
3.
LaTeX Font Info:    Failed loading font information for L7x+cmr. on input line 
4.
)
LaTeX Font Info:    Failed loading font information for L7x+cmr. on input line 
253.
LaTeX Font Info:    Failed loading font information for L7x+cmr. on input line 
254.
LaTeX Font Info:    Failed loading font information for L7x+cmr. on input line 
254.
 [9]
LaTeX Font Info:    Failed loading font information for L7x+cmr. on input line 
256.
LaTeX Font Info:    Failed loading font information for L7x+cmr. on input line 
256.
 [10]
LaTeX Font Info:    Failed loading font information for L7x+cmr. on input line 
257.
LaTeX Font Info:    Failed loading font information for L7x+cmr. on input line 
259.
LaTeX Font Info:    Failed loading font information for L7x+cmr. on input line 
271.
LaTeX Font Info:    Failed loading font information for L7x+cmr. on input line 
273.
LaTeX Font Info:    Failed loading font information for L7x+cmr. on input line 
274.

<images/mnist.png, id=227, 636.3775pt x 301.125pt>
File: images/mnist.png Graphic file (type png)
 <use images/mnist.png>
Package pdftex.def Info: images/mnist.png used on input line 276.
(pdftex.def)             Requested size: 127.27324pt x 60.22392pt.
LaTeX Font Info:    Failed loading font information for L7x+cmr. on input line 
277.
LaTeX Font Info:    Failed loading font information for L7x+cmr. on input line 
284.
LaTeX Font Info:    Failed loading font information for L7x+cmr. on input line 
284.

[11

 <./images/mnist.png>]
LaTeX Font Info:    Failed loading font information for L7x+cmr. on input line 
292.

<images/scanned.png, id=241, 1244.65pt x 153.57375pt>
File: images/scanned.png Graphic file (type png)
 <use images/scanned.png>
Package pdftex.def Info: images/scanned.png used on input line 294.
(pdftex.def)             Requested size: 373.39787pt x 46.07246pt.
LaTeX Font Info:    Failed loading font information for L7x+cmr. on input line 
295.
LaTeX Font Info:    Failed loading font information for L7x+cmr. on input line 
302.
\openout3 = `Bakalauro_darbas_Vytautas_Jankauskas.pyg'.


(./_minted-Bakalauro_darbas_Vytautas_Jankauskas/ECC924F8D9C39475F3BB87A4D7C2EF5
85777CE4A87E4E13AD1FDA4D2F73F1C90.pygtex
LaTeX Font Info:    Failed loading font information for L7x+cmtt. on input line
 1.
LaTeX Font Info:    Failed loading font information for L7x+cmr. on input line 
2.
LaTeX Font Info:    Failed loading font information for L7x+cmr. on input line 
3.
LaTeX Font Info:    Failed loading font information for L7x+cmr. on input line 
4.
LaTeX Font Info:    Failed loading font information for L7x+cmr. on input line 
5.
LaTeX Font Info:    Failed loading font information for L7x+cmr. on input line 
6.
LaTeX Font Info:    Failed loading font information for L7x+cmr. on input line 
7.
LaTeX Font Info:    Failed loading font information for L7x+cmr. on input line 
8.
)
LaTeX Font Info:    Failed loading font information for L7x+cmr. on input line 
312.
LaTeX Font Info:    Failed loading font information for L7x+cmr. on input line 
316.
\openout3 = `Bakalauro_darbas_Vytautas_Jankauskas.pyg'.


(./_minted-Bakalauro_darbas_Vytautas_Jankauskas/AEFDADEB03E3A8B44728411C6235831
95777CE4A87E4E13AD1FDA4D2F73F1C90.pygtex
LaTeX Font Info:    Failed loading font information for L7x+cmtt. on input line
 1.
LaTeX Font Info:    Failed loading font information for L7x+cmr. on input line 
2.
LaTeX Font Info:    Failed loading font information for L7x+cmr. on input line 
3.
LaTeX Font Info:    Failed loading font information for L7x+cmr. on input line 
4.
)
LaTeX Font Info:    Failed loading font information for L7x+cmr. on input line 
322.
LaTeX Font Info:    Failed loading font information for L7x+cmr. on input line 
323.
LaTeX Font Info:    Failed loading font information for L7x+cmr. on input line 
323.
 [12 <./images/scanned.png>]
LaTeX Font Info:    Failed loading font information for L7x+cmr. on input line 
328.
\openout3 = `Bakalauro_darbas_Vytautas_Jankauskas.pyg'.


(./_minted-Bakalauro_darbas_Vytautas_Jankauskas/CD9FAD231F15FAC3A7B3D2851294744
25777CE4A87E4E13AD1FDA4D2F73F1C90.pygtex
LaTeX Font Info:    Failed loading font information for L7x+cmtt. on input line
 1.
LaTeX Font Info:    Failed loading font information for L7x+cmr. on input line 
2.
LaTeX Font Info:    Failed loading font information for L7x+cmr. on input line 
3.
)
LaTeX Font Info:    Failed loading font information for L7x+cmr. on input line 
333.
LaTeX Font Info:    Failed loading font information for L7x+cmr. on input line 
338.

<images/removecntrs.png, id=250, 52.195pt x 68.255pt>
File: images/removecntrs.png Graphic file (type png)

<use images/removecntrs.png>
Package pdftex.def Info: images/removecntrs.png used on input line 340.
(pdftex.def)             Requested size: 26.09743pt x 34.12741pt.
LaTeX Font Info:    Failed loading font information for L7x+cmr. on input line 
341.
LaTeX Font Info:    Failed loading font information for L7x+cmr. on input line 
348.

<images/selectletter.png, id=251, 239.89626pt x 83.31125pt>
File: images/selectletter.png Graphic file (type png)

<use images/selectletter.png>
Package pdftex.def Info: images/selectletter.png used on input line 350.
(pdftex.def)             Requested size: 119.94783pt x 41.65552pt.
LaTeX Font Info:    Failed loading font information for L7x+cmr. on input line 
351.
LaTeX Font Info:    Failed loading font information for L7x+cmr. on input line 
360.
LaTeX Font Info:    Failed loading font information for L7x+cmr. on input line 
360.
 [13 <./images/removecntrs.png> <./images/selectletter.png>]
LaTeX Font Info:    Failed loading font information for L7x+cmr. on input line 
361.
\openout3 = `Bakalauro_darbas_Vytautas_Jankauskas.pyg'.


(./_minted-Bakalauro_darbas_Vytautas_Jankauskas/F9D2EB2AFCAD007CF606546D572F642
D5777CE4A87E4E13AD1FDA4D2F73F1C90.pygtex
LaTeX Font Info:    Failed loading font information for L7x+cmtt. on input line
 1.
LaTeX Font Info:    Failed loading font information for L7x+cmr. on input line 
2.
LaTeX Font Info:    Failed loading font information for L7x+cmr. on input line 
3.
LaTeX Font Info:    Failed loading font information for L7x+cmr. on input line 
4.
LaTeX Font Info:    Failed loading font information for L7x+cmr. on input line 
5.
)
LaTeX Font Info:    Failed loading font information for L7x+cmr. on input line 
368.
LaTeX Font Info:    Failed loading font information for L7x+cmr. on input line 
372.
LaTeX Font Info:    Failed loading font information for L7x+cmr. on input line 
373.
LaTeX Font Info:    Failed loading font information for L7x+cmr. on input line 
376.
\openout3 = `Bakalauro_darbas_Vytautas_Jankauskas.pyg'.


(./_minted-Bakalauro_darbas_Vytautas_Jankauskas/F8FE1C5260348E196F50EB971913F60
05777CE4A87E4E13AD1FDA4D2F73F1C90.pygtex
LaTeX Font Info:    Failed loading font information for L7x+cmtt. on input line
 1.
LaTeX Font Info:    Failed loading font information for L7x+cmr. on input line 
2.
LaTeX Font Info:    Failed loading font information for L7x+cmr. on input line 
3.
LaTeX Font Info:    Failed loading font information for L7x+cmr. on input line 
4.
LaTeX Font Info:    Failed loading font information for L7x+cmr. on input line 
5.
LaTeX Font Info:    Failed loading font information for L7x+cmr. on input line 
6.
LaTeX Font Info:    Failed loading font information for L7x+cmr. on input line 
7.
LaTeX Font Info:    Failed loading font information for L7x+cmr. on input line 
8.
)
LaTeX Font Info:    Failed loading font information for L7x+cmr. on input line 
386.
LaTeX Font Info:    Failed loading font information for L7x+cmr. on input line 
390.

<images/bgr2gray.png, id=262, 945.5325pt x 358.33875pt>
File: images/bgr2gray.png Graphic file (type png)

<use images/bgr2gray.png>
Package pdftex.def Info: images/bgr2gray.png used on input line 392.
(pdftex.def)             Requested size: 378.2063pt x 143.33296pt.
LaTeX Font Info:    Failed loading font information for L7x+cmr. on input line 
393.
LaTeX Font Info:    Failed loading font information for L7x+cmr. on input line 
397.
LaTeX Font Info:    Failed loading font information for L7x+cmr. on input line 
399.
LaTeX Font Info:    Failed loading font information for L7x+cmr. on input line 
400.
LaTeX Font Info:    Failed loading font information for L7x+cmr. on input line 
400.
 [14 <./images/bgr2gray.png>]
LaTeX Font Info:    Failed loading font information for L7x+cmr. on input line 
404.
\openout3 = `Bakalauro_darbas_Vytautas_Jankauskas.pyg'.


(./_minted-Bakalauro_darbas_Vytautas_Jankauskas/5256E02DF405B81E3BBA02E4E13E700
F5777CE4A87E4E13AD1FDA4D2F73F1C90.pygtex
LaTeX Font Info:    Failed loading font information for L7x+cmtt. on input line
 1.
LaTeX Font Info:    Failed loading font information for L7x+cmr. on input line 
2.
LaTeX Font Info:    Failed loading font information for L7x+cmr. on input line 
3.
LaTeX Font Info:    Failed loading font information for L7x+cmr. on input line 
4.
LaTeX Font Info:    Failed loading font information for L7x+cmr. on input line 
5.
LaTeX Font Info:    Failed loading font information for L7x+cmr. on input line 
6.
LaTeX Font Info:    Failed loading font information for L7x+cmr. on input line 
7.
LaTeX Font Info:    Failed loading font information for L7x+cmr. on input line 
8.
LaTeX Font Info:    Failed loading font information for L7x+cmr. on input line 
9.
)
LaTeX Font Info:    Failed loading font information for L7x+cmr. on input line 
415.
LaTeX Font Info:    Failed loading font information for L7x+cmr. on input line 
421.

<images/binarythresh.png, id=271, 934.49126pt x 340.27126pt>
File: images/binarythresh.png Graphic file (type png)

<use images/binarythresh.png>
Package pdftex.def Info: images/binarythresh.png used on input line 423.
(pdftex.def)             Requested size: 373.78989pt x 136.10608pt.
LaTeX Font Info:    Failed loading font information for L7x+cmr. on input line 
424.
LaTeX Font Info:    Failed loading font information for L7x+cmr. on input line 
431.
LaTeX Font Info:    Failed loading font information for L7x+cmr. on input line 
431.
 [15 <./images/binarythresh.png>]
LaTeX Font Info:    Failed loading font information for L7x+cmr. on input line 
438.
\openout3 = `Bakalauro_darbas_Vytautas_Jankauskas.pyg'.


(./_minted-Bakalauro_darbas_Vytautas_Jankauskas/B69F451D85C1E128D75DA13E11EA03D
35777CE4A87E4E13AD1FDA4D2F73F1C90.pygtex
LaTeX Font Info:    Failed loading font information for L7x+cmtt. on input line
 1.
LaTeX Font Info:    Failed loading font information for L7x+cmr. on input line 
2.
LaTeX Font Info:    Failed loading font information for L7x+cmr. on input line 
3.
)
LaTeX Font Info:    Failed loading font information for L7x+cmr. on input line 
443.
LaTeX Font Info:    Failed loading font information for L7x+cmr. on input line 
452.
LaTeX Font Info:    Failed loading font information for L7x+cmr. on input line 
452.
 [16]
LaTeX Font Info:    Failed loading font information for L7x+cmr. on input line 
453.
LaTeX Font Info:    Failed loading font information for L7x+cmr. on input line 
454.
LaTeX Font Info:    Failed loading font information for L7x+cmr. on input line 
458.

<images/sampleboard.png, id=285, 642.4pt x 481.8pt>
File: images/sampleboard.png Graphic file (type png)

<use images/sampleboard.png>
Package pdftex.def Info: images/sampleboard.png used on input line 460.
(pdftex.def)             Requested size: 192.72148pt x 144.5411pt.
LaTeX Font Info:    Failed loading font information for L7x+cmr. on input line 
461.
LaTeX Font Info:    Failed loading font information for L7x+cmr. on input line 
471.
LaTeX Font Info:    Failed loading font information for L7x+cmr. on input line 
472.
LaTeX Font Info:    Failed loading font information for L7x+cmr. on input line 
473.

<images/wrongsegmentation.png, id=286, 422.57875pt x 126.4725pt>
File: images/wrongsegmentation.png Graphic file (type png)

<use images/wrongsegmentation.png>
Package pdftex.def Info: images/wrongsegmentation.png used on input line 475.
(pdftex.def)             Requested size: 253.5492pt x 75.88408pt.
LaTeX Font Info:    Failed loading font information for L7x+cmr. on input line 
476.
LaTeX Font Info:    Failed loading font information for L7x+cmr. on input line 
479.
LaTeX Font Info:    Failed loading font information for L7x+cmr. on input line 
479.
 [17

 <./images/sampleboard.png>]
LaTeX Font Info:    Failed loading font information for L7x+cmr. on input line 
481.

<images/rightsegmentation.png, id=295, 420.57124pt x 136.51pt>
File: images/rightsegmentation.png Graphic file (type png)

<use images/rightsegmentation.png>
Package pdftex.def Info: images/rightsegmentation.png used on input line 483.
(pdftex.def)             Requested size: 252.3447pt x 81.90662pt.
LaTeX Font Info:    Failed loading font information for L7x+cmr. on input line 
484.
LaTeX Font Info:    Failed loading font information for L7x+cmr. on input line 
488.
LaTeX Font Info:    Failed loading font information for L7x+cmr. on input line 
489.
LaTeX Font Info:    Failed loading font information for L7x+cmr. on input line 
492.

<images/test1.png, id=296, 442.65375pt x 138.5175pt>
File: images/test1.png Graphic file (type png)
 <use images/test1.png>
Package pdftex.def Info: images/test1.png used on input line 494.
(pdftex.def)             Requested size: 265.59428pt x 83.11113pt.
LaTeX Font Info:    Failed loading font information for L7x+cmr. on input line 
495.
LaTeX Font Info:    Failed loading font information for L7x+cmr. on input line 
504.

<images/test2.png, id=297, 388.45125pt x 123.46124pt>
File: images/test2.png Graphic file (type png)
 <use images/test2.png>
Package pdftex.def Info: images/test2.png used on input line 506.
(pdftex.def)             Requested size: 233.07254pt x 74.0773pt.
LaTeX Font Info:    Failed loading font information for L7x+cmr. on input line 
507.
LaTeX Font Info:    Failed loading font information for L7x+cmr. on input line 
510.
LaTeX Font Info:    Failed loading font information for L7x+cmr. on input line 
510.

[18 <./images/wrongsegmentation.png> <./images/rightsegmentation.png> <./images
/test1.png>]
LaTeX Font Info:    Failed loading font information for L7x+cmr. on input line 
514.
 <images/test9.png, id=309, 384.43625pt x 134.5025pt>
File: images/test9.png Graphic file (type png)

<use images/test9.png>
Package pdftex.def Info: images/test9.png used on input line 516.
(pdftex.def)             Requested size: 230.66351pt x 80.7021pt.
LaTeX Font Info:    Failed loading font information for L7x+cmr. on input line 
517.
LaTeX Font Info:    Failed loading font information for L7x+cmr. on input line 
525.
LaTeX Font Info:    Failed loading font information for L7x+cmr. on input line 
526.
LaTeX Font Info:    Failed loading font information for L7x+cmr. on input line 
527.
 <images/test12.png, id=310, 398.48875pt x 119.44624pt>
File: images/test12.png Graphic file (type png)

<use images/test12.png>
Package pdftex.def Info: images/test12.png used on input line 529.
(pdftex.def)             Requested size: 239.0951pt x 71.66829pt.
LaTeX Font Info:    Failed loading font information for L7x+cmr. on input line 
530.
LaTeX Font Info:    Failed loading font information for L7x+cmr. on input line 
537.
LaTeX Font Info:    Failed loading font information for L7x+cmr. on input line 
537.
 [19 <./images/test2.png> <./images/test9.png> <./images/test12.png>]
LaTeX Font Info:    Failed loading font information for L7x+cmr. on input line 
539.
 <images/test14.png, id=324, 417.56pt x 119.44624pt>
File: images/test14.png Graphic file (type png)

<use images/test14.png>
Package pdftex.def Info: images/test14.png used on input line 541.
(pdftex.def)             Requested size: 250.53792pt x 71.66829pt.
LaTeX Font Info:    Failed loading font information for L7x+cmr. on input line 
542.
LaTeX Font Info:    Failed loading font information for L7x+cmr. on input line 
546.
LaTeX Font Info:    Failed loading font information for L7x+cmr. on input line 
547.
LaTeX Font Info:    Failed loading font information for L7x+cmr. on input line 
550.
LaTeX Font Info:    Failed loading font information for L7x+cmr. on input line 
554.

Overfull \vbox (17.99445pt too high) detected at line 558
 []

LaTeX Font Info:    Failed loading font information for L7x+cmr. on input line 
585.
LaTeX Font Info:    Failed loading font information for L7x+cmr. on input line 
585.
[20 <./images/test14.png>]
LaTeX Font Info:    Failed loading font information for L7x+cmr. on input line 
598.
LaTeX Font Info:    Failed loading font information for L7x+cmr. on input line 
598.
 [21]
LaTeX Font Info:    Failed loading font information for L7x+cmr. on input line 
601.
LaTeX Font Info:    Failed loading font information for L7x+cmr. on input line 
601.
 [22]
LaTeX Font Info:    Failed loading font information for L7x+cmr. on input line 
602.
LaTeX Font Info:    Failed loading font information for L7x+cmr. on input line 
604.
LaTeX Font Info:    Failed loading font information for L7x+cmr. on input line 
615.
LaTeX Font Info:    Failed loading font information for L7x+cmr. on input line 
615.
 [23

]
LaTeX Font Info:    Failed loading font information for L7x+cmr. on input line 
616.
LaTeX Font Info:    Failed loading font information for L7x+cmtt. on input line
 637.
LaTeX Font Info:    Failed loading font information for L7x+cmtt. on input line
 640.

Underfull \hbox (badness 10000) in paragraph at lines 640--641
[]\L7x/lmr/m/n/12 D. Kos-ta-di-nov, \L7x/lmr/m/it/12 Pri-va-cy Imp-li-ca-tions 
of Au-to-ma-tic Li-cen-se Pla-
 []


Underfull \hbox (badness 10000) in paragraph at lines 640--641
\L7x/lmr/m/it/12 te Re-cog-ni-tion Tech-no-lo-gy\L7x/lmr/m/n/12 , [][]$http : /
 / resources . infosecinstitute . com /
 []

LaTeX Font Info:    Failed loading font information for L7x+cmtt. on input line
 646.
LaTeX Font Info:    Failed loading font information for L7x+cmtt. on input line
 649.
LaTeX Font Info:    Failed loading font information for L7x+cmtt. on input line
 652.
LaTeX Font Info:    Failed loading font information for L7x+cmtt. on input line
 655.
LaTeX Font Info:    Failed loading font information for L7x+cmtt. on input line
 659.
LaTeX Font Info:    Failed loading font information for L7x+cmr. on input line 
661.
LaTeX Font Info:    Failed loading font information for L7x+cmr. on input line 
661.
[24

]
LaTeX Font Info:    Failed loading font information for L7x+cmtt. on input line
 662.

Underfull \hbox (badness 10000) in paragraph at lines 662--663
[]\L7x/lmr/m/n/12 Atvaizdo slenks-ti-ns ver-ts nu-sta-ty-mas, [][]$http : / /
 docs . opencv . org / trunk / d7 / d4d /
 []

LaTeX Font Info:    Failed loading font information for L7x+cmtt. on input line
 665.

Underfull \hbox (badness 10000) in paragraph at lines 665--666
\L7x/lmr/m/n/12 py _ tutorials / py _ ml / py _ knn / py _ knn _ understanding 
/ py _ knn _ understanding .
 []

LaTeX Font Info:    Failed loading font information for L7x+cmtt. on input line
 668.
LaTeX Font Info:    Failed loading font information for L7x+cmtt. on input line
 671.

Underfull \hbox (badness 4391) in paragraph at lines 671--672
[]\L7x/lmr/m/n/12 MNIST duo-me-n iliust-ra-ci-ja, [][]$http : / / neuralnetwor
ksanddeeplearning . com / images /
 []

LaTeX Font Info:    Failed loading font information for L7x+cmtt. on input line
 674.
LaTeX Font Info:    Failed loading font information for L7x+cmtt. on input line
 677.
LaTeX Font Info:    Failed loading font information for L7x+cmtt. on input line
 680.
LaTeX Font Info:    Failed loading font information for L7x+cmtt. on input line
 683.
LaTeX Font Info:    Failed loading font information for L7x+cmtt. on input line
 686.
LaTeX Font Info:    Failed loading font information for L7x+cmr. on input line 
690.
LaTeX Font Info:    Failed loading font information for L7x+cmr. on input line 
690.
[25]
LaTeX Font Info:    Failed loading font information for L7x+cmr. on input line 
691.
LaTeX Font Info:    Failed loading font information for L7x+cmr. on input line 
693.

Underfull \hbox (badness 10000) in paragraph at lines 697--700

 []


Underfull \hbox (badness 10000) in paragraph at lines 697--700

 []

LaTeX Font Info:    Failed loading font information for L7x+cmr. on input line 
700.
LaTeX Font Info:    Failed loading font information for L7x+cmr. on input line 
703.
LaTeX Font Info:    Failed loading font information for L7x+cmr. on input line 
703.
[26

]
LaTeX Font Info:    Failed loading font information for L7x+cmr. on input line 
704.
LaTeX Font Info:    Failed loading font information for L7x+cmr. on input line 
706.

Underfull \hbox (badness 10000) in paragraph at lines 710--713

 []


Underfull \hbox (badness 10000) in paragraph at lines 710--713

 []

LaTeX Font Info:    Failed loading font information for L7x+cmr. on input line 
713.
LaTeX Font Info:    Failed loading font information for L7x+cmr. on input line 
716.
LaTeX Font Info:    Failed loading font information for L7x+cmr. on input line 
716.
[27

]
LaTeX Font Info:    Failed loading font information for L7x+cmr. on input line 
720.
LaTeX Font Info:    Failed loading font information for L7x+cmr. on input line 
721.
LaTeX Font Info:    Failed loading font information for L7x+cmr. on input line 
722.
LaTeX Font Info:    Failed loading font information for L7x+cmtt. on input line
 723.
runsystem(rm "Bakalauro_darbas_Vytautas_Jankauskas.pyg")...executed.

Package atveryend Info: Empty hook `BeforeClearDocument' on input line 748.
LaTeX Font Info:    Failed loading font information for L7x+cmr. on input line 
748.
 [28

]
Package atveryend Info: Empty hook `AfterLastShipout' on input line 748.
 (./Bakalauro_darbas_Vytautas_Jankauskas.aux)
Package atveryend Info: Executing hook `AtVeryEndDocument' on input line 748.
Package atveryend Info: Executing hook `AtEndAfterFileList' on input line 748.
Package rerunfilecheck Info: File `Bakalauro_darbas_Vytautas_Jankauskas.out' ha
s not changed.
(rerunfilecheck)             Checksum: 7A08DE3227FFBC28AA23F7BE3FAB676D;2985.
Package atveryend Info: Empty hook `AtVeryVeryEnd' on input line 748.
 ) 
Here is how much of TeX's memory you used:
 14923 strings out of 493024
 229446 string characters out of 6136063
 351213 words of memory out of 5000000
 18109 multiletter control sequences out of 15000+600000
 26164 words of font info for 34 fonts, out of 8000000 for 9000
 1141 hyphenation exceptions out of 8191
 36i,16n,43p,1320b,680s stack positions out of 5000i,500n,10000p,200000b,80000s
{/usr/share/texmf/fonts/enc/dvips/lm/lm-l7x.enc}</usr/share/texlive/texmf-dis
t/fonts/type1/public/amsfonts/cm/cmmi12.pfb></usr/share/texlive/texmf-dist/font
s/type1/public/amsfonts/cm/cmmi8.pfb></usr/share/texlive/texmf-dist/fonts/type1
/public/amsfonts/cm/cmr12.pfb></usr/share/texlive/texmf-dist/fonts/type1/public
/amsfonts/cm/cmr8.pfb></usr/share/texmf/fonts/type1/public/lm/lmbx10.pfb></usr/
share/texmf/fonts/type1/public/lm/lmbx12.pfb></usr/share/texmf/fonts/type1/publ
ic/lm/lmr10.pfb></usr/share/texmf/fonts/type1/public/lm/lmr12.pfb></usr/share/t
exmf/fonts/type1/public/lm/lmr6.pfb></usr/share/texmf/fonts/type1/public/lm/lmr
i10.pfb></usr/share/texmf/fonts/type1/public/lm/lmri12.pfb>
Output written on Bakalauro_darbas_Vytautas_Jankauskas.pdf (28 pages, 2155086 b
ytes).
PDF statistics:
 476 PDF objects out of 1000 (max. 8388607)
 389 compressed objects within 4 object streams
 127 named destinations out of 1000 (max. 500000)
 266 words of extra memory for PDF output out of 10000 (max. 10000000)

